<?xml version="1.0" encoding="UTF-8"?>
<testsuite xmlns:xsi="http://www.w3.org/2001/XMLSchema-instance" xsi:noNamespaceSchemaLocation="https://maven.apache.org/surefire/maven-surefire-plugin/xsd/surefire-test-report.xsd" name="edu.penzgtu.oop.task12.AppTest" time="0.021" tests="2" errors="0" skipped="0" failures="0">
  <properties>
[...]
</properties>
  <testcase name="testLeapYear" classname="edu.penzgtu.oop.task12.AppTest" time="0.001"/>
  <testcase name="testYear" classname="edu.penzgtu.oop.task12.AppTest" time="0"/>
</testsuite>